<?xml version="1.0" encoding="UTF-8"?>
<!-- Generated by org.testng.reporters.JUnitReportReporter -->
<testsuite hostname="LAPTOP-INFITVQT" failures="0" tests="13" name="com.nexsoft.tesng.userbiodata.UserBiodataTest" time="52.772" errors="0" timestamp="2022-06-14T22:37:13 WIB" skipped="0">
  <testcase classname="com.nexsoft.tesng.userbiodata.UserBiodataTest" name="login" time="3.082"/>
  <system-out/>
  <testcase classname="com.nexsoft.tesng.userbiodata.UserBiodataTest" name="createData" time="4.970"/>
  <system-out/>
  <testcase classname="com.nexsoft.tesng.userbiodata.UserBiodataTest" name="createData" time="4.950"/>
  <system-out/>
  <testcase classname="com.nexsoft.tesng.userbiodata.UserBiodataTest" name="createData" time="4.910"/>
  <system-out/>
  <testcase classname="com.nexsoft.tesng.userbiodata.UserBiodataTest" name="createData" time="4.754"/>
  <system-out/>
  <testcase classname="com.nexsoft.tesng.userbiodata.UserBiodataTest" name="getUsername" time="0.384"/>
  <system-out/>
  <testcase classname="com.nexsoft.tesng.userbiodata.UserBiodataTest" name="createData" time="5.284"/>
  <system-out/>
  <testcase classname="com.nexsoft.tesng.userbiodata.UserBiodataTest" name="createData" time="4.851"/>
  <system-out/>
  <testcase classname="com.nexsoft.tesng.userbiodata.UserBiodataTest" name="createData" time="4.839"/>
  <system-out/>
  <testcase classname="com.nexsoft.tesng.userbiodata.UserBiodataTest" name="getUsername2" time="0.043"/>
  <system-out/>
  <testcase classname="com.nexsoft.tesng.userbiodata.UserBiodataTest" name="createData" time="4.897"/>
  <system-out/>
  <testcase classname="com.nexsoft.tesng.userbiodata.UserBiodataTest" name="createData" time="4.929"/>
  <system-out/>
  <testcase classname="com.nexsoft.tesng.userbiodata.UserBiodataTest" name="createData" time="4.879"/>
  <system-out/>
</testsuite> <!-- com.nexsoft.tesng.userbiodata.UserBiodataTest -->
