<?xml version="1.0" encoding="UTF-8"?>
<!-- Generated by org.testng.reporters.JUnitReportReporter -->
<testsuite hostname="LAPTOP-INFITVQT" failures="0" tests="4" name="com.nexsoft.testng.frontpage.FrontPageTest" time="2.026" errors="0" timestamp="2022-06-14T15:08:59 WIB" skipped="0">
  <testcase classname="com.nexsoft.testng.frontpage.FrontPageTest" name="login" time="2.008"/>
  <system-out>
    <![CDATA[<img src='file://D:\TestScreenshoot\)20220614_150859.png'height="446" width="800"/>]]>
  </system-out>
  <testcase classname="com.nexsoft.testng.frontpage.FrontPageTest" name="consumeData" time="0.003"/>
  <system-out/>
  <testcase classname="com.nexsoft.testng.frontpage.FrontPageTest" name="consumeData" time="0.014"/>
  <system-out/>
  <testcase classname="com.nexsoft.testng.frontpage.FrontPageTest" name="setLanguage" time="0.001"/>
  <system-out/>
</testsuite> <!-- com.nexsoft.testng.frontpage.FrontPageTest -->
