<?xml version="1.0" encoding="UTF-8"?>
<!-- Generated by org.testng.reporters.JUnitReportReporter -->
<testsuite hostname="LAPTOP-INFITVQT" failures="0" tests="8" name="com.nexsoft.testng.dashboard.CRUDBuilderTest" time="8.752" errors="0" timestamp="2022-06-14T14:16:25 WIB" skipped="0">
  <testcase classname="com.nexsoft.testng.dashboard.CRUDBuilderTest" name="cobaDulu" time="0.009"/>
  <system-out>
    <![CDATA[Nama: yunindaaaEmail: yunindaaa@gmail.comAlamat: Yogyakarta]]>
  </system-out>
  <testcase classname="com.nexsoft.testng.dashboard.CRUDBuilderTest" name="cobaDulu" time="0.009"/>
  <system-out>
    <![CDATA[Nama: likeawaliyahEmail: likeawaliyah@gmail.comAlamat: Lamongan]]>
  </system-out>
  <testcase classname="com.nexsoft.testng.dashboard.CRUDBuilderTest" name="login" time="2.742"/>
  <system-out/>
  <testcase classname="com.nexsoft.testng.dashboard.CRUDBuilderTest" name="cobaDulu" time="0.008"/>
  <system-out>
    <![CDATA[Nama: wiwinguloEmail: wiwingulo@gmail.comAlamat: Medan]]>
  </system-out>
  <testcase classname="com.nexsoft.testng.dashboard.CRUDBuilderTest" name="cobaDulu" time="0.009"/>
  <system-out>
    <![CDATA[Nama: intanjuniarEmail: intanjuniar@gmail.comAlamat: Purwodaddy]]>
  </system-out>
  <testcase classname="com.nexsoft.testng.dashboard.CRUDBuilderTest" name="getUsername2" time="0.050"/>
  <system-out/>
  <testcase classname="com.nexsoft.testng.dashboard.CRUDBuilderTest" name="createData" time="5.855"/>
  <system-out/>
  <testcase classname="com.nexsoft.testng.dashboard.CRUDBuilderTest" name="getUsername" time="0.070"/>
  <system-out/>
</testsuite> <!-- com.nexsoft.testng.dashboard.CRUDBuilderTest -->
