<?xml version="1.0" encoding="UTF-8"?>
<!-- Generated by org.testng.reporters.JUnitReportReporter -->
<testsuite hostname="LAPTOP-INFITVQT" failures="0" tests="1" name="com.nexsoft.testng.CreateRecordWithExcel" time="1.833" errors="0" timestamp="2022-06-14T09:49:36 WIB" skipped="0">
  <testcase classname="com.nexsoft.testng.CreateRecordWithExcel" name="login" time="1.833"/>
  <system-out/>
</testsuite> <!-- com.nexsoft.testng.CreateRecordWithExcel -->
